[12-Jan-2021 18:24:27 Asia/Tokyo] PHP Parse error:  syntax error, unexpected 'echo' (T_ECHO), expecting ';' or ',' in /var/www/html/common/database.php on line 9
[12-Jan-2021 18:25:21 Asia/Tokyo] PHP Parse error:  syntax error, unexpected 'echo' (T_ECHO), expecting ';' or ',' in /var/www/html/common/database.php on line 9
[12-Jan-2021 18:25:36 Asia/Tokyo] PHP Parse error:  syntax error, unexpected 'echo' (T_ECHO), expecting ';' or ',' in /var/www/html/common/database.php on line 9
[12-Jan-2021 18:26:41 Asia/Tokyo] PHP Notice:  Undefined index: user-email in /var/www/html/user/action/register.php on line 5
[12-Jan-2021 18:26:41 Asia/Tokyo] PHP Notice:  Only variables should be passed by reference in /var/www/html/user/action/register.php on line 14
[20-Jan-2021 22:58:24 Asia/Tokyo] PHP Notice:  Undefined index: user-email in /var/www/html/user/action/register.php on line 5
[20-Jan-2021 22:58:24 Asia/Tokyo] PHP Notice:  Only variables should be passed by reference in /var/www/html/user/action/register.php on line 14
[20-Jan-2021 23:00:23 Asia/Tokyo] PHP Notice:  Undefined index: user-email in /var/www/html/user/action/register.php on line 5
[20-Jan-2021 23:00:23 Asia/Tokyo] PHP Notice:  Only variables should be passed by reference in /var/www/html/user/action/register.php on line 14
[20-Jan-2021 23:25:38 Asia/Tokyo] PHP Notice:  Undefined index: user-email in /var/www/html/user/action/register.php on line 5
[20-Jan-2021 23:25:38 Asia/Tokyo] PHP Notice:  Only variables should be passed by reference in /var/www/html/user/action/register.php on line 14
[21-Jan-2021 22:21:36 Asia/Tokyo] PHP Notice:  Undefined index: user-email in /var/www/html/user/action/register.php on line 7
[21-Jan-2021 22:21:36 Asia/Tokyo] PHP Notice:  Undefined variable: user_passwird in /var/www/html/user/action/register.php on line 23
[21-Jan-2021 22:21:37 Asia/Tokyo] PHP Notice:  Undefined index: user-email in /var/www/html/user/action/register.php on line 7
[21-Jan-2021 22:21:37 Asia/Tokyo] PHP Notice:  Undefined variable: user_passwird in /var/www/html/user/action/register.php on line 23
[21-Jan-2021 22:21:53 Asia/Tokyo] PHP Notice:  Undefined index: user-email in /var/www/html/user/action/register.php on line 7
[21-Jan-2021 22:21:53 Asia/Tokyo] PHP Notice:  Undefined variable: user_passwird in /var/www/html/user/action/register.php on line 23
[21-Jan-2021 22:21:54 Asia/Tokyo] PHP Notice:  Undefined index: user-email in /var/www/html/user/action/register.php on line 7
[21-Jan-2021 22:21:54 Asia/Tokyo] PHP Notice:  Undefined variable: user_passwird in /var/www/html/user/action/register.php on line 23
[21-Jan-2021 22:22:29 Asia/Tokyo] PHP Notice:  Undefined index: user-email in /var/www/html/user/action/register.php on line 7
[21-Jan-2021 22:22:29 Asia/Tokyo] PHP Notice:  Undefined variable: user_passwird in /var/www/html/user/action/register.php on line 23
[21-Jan-2021 22:22:29 Asia/Tokyo] PHP Notice:  Undefined index: user-email in /var/www/html/user/action/register.php on line 7
[21-Jan-2021 22:22:29 Asia/Tokyo] PHP Notice:  Undefined variable: user_passwird in /var/www/html/user/action/register.php on line 23
[21-Jan-2021 22:22:30 Asia/Tokyo] PHP Notice:  Undefined index: user-email in /var/www/html/user/action/register.php on line 7
[21-Jan-2021 22:22:30 Asia/Tokyo] PHP Notice:  Undefined variable: user_passwird in /var/www/html/user/action/register.php on line 23
[21-Jan-2021 22:22:30 Asia/Tokyo] PHP Notice:  Undefined index: user-email in /var/www/html/user/action/register.php on line 7
[21-Jan-2021 22:22:30 Asia/Tokyo] PHP Notice:  Undefined variable: user_passwird in /var/www/html/user/action/register.php on line 23
[21-Jan-2021 22:22:31 Asia/Tokyo] PHP Notice:  Undefined index: user-email in /var/www/html/user/action/register.php on line 7
[21-Jan-2021 22:22:31 Asia/Tokyo] PHP Notice:  Undefined variable: user_passwird in /var/www/html/user/action/register.php on line 23
[21-Jan-2021 22:22:34 Asia/Tokyo] PHP Notice:  Undefined index: user-email in /var/www/html/user/action/register.php on line 7
[21-Jan-2021 22:22:34 Asia/Tokyo] PHP Notice:  Undefined variable: user_passwird in /var/www/html/user/action/register.php on line 23
[21-Jan-2021 22:23:32 Asia/Tokyo] PHP Notice:  Undefined index: user-email in /var/www/html/user/action/register.php on line 7
[21-Jan-2021 22:23:32 Asia/Tokyo] PHP Notice:  Undefined variable: user_passwird in /var/www/html/user/action/register.php on line 23
[21-Jan-2021 22:23:32 Asia/Tokyo] PHP Notice:  Undefined index: user-email in /var/www/html/user/action/register.php on line 7
[21-Jan-2021 22:23:32 Asia/Tokyo] PHP Notice:  Undefined variable: user_passwird in /var/www/html/user/action/register.php on line 23
[21-Jan-2021 22:23:34 Asia/Tokyo] PHP Notice:  Undefined index: user-email in /var/www/html/user/action/register.php on line 7
[21-Jan-2021 22:23:34 Asia/Tokyo] PHP Notice:  Undefined variable: user_passwird in /var/www/html/user/action/register.php on line 23
[21-Jan-2021 22:26:41 Asia/Tokyo] PHP Notice:  Undefined index: user-email in /var/www/html/user/action/register.php on line 7
[21-Jan-2021 22:26:41 Asia/Tokyo] PHP Notice:  Undefined variable: user_passwird in /var/www/html/user/action/register.php on line 23
[21-Jan-2021 22:26:42 Asia/Tokyo] PHP Notice:  Undefined index: user-email in /var/www/html/user/action/register.php on line 7
[21-Jan-2021 22:26:42 Asia/Tokyo] PHP Notice:  Undefined variable: user_passwird in /var/www/html/user/action/register.php on line 23
[21-Jan-2021 22:26:43 Asia/Tokyo] PHP Notice:  Undefined index: user-email in /var/www/html/user/action/register.php on line 7
[21-Jan-2021 22:26:43 Asia/Tokyo] PHP Notice:  Undefined variable: user_passwird in /var/www/html/user/action/register.php on line 23
[21-Jan-2021 22:26:44 Asia/Tokyo] PHP Notice:  Undefined index: user-email in /var/www/html/user/action/register.php on line 7
[21-Jan-2021 22:26:44 Asia/Tokyo] PHP Notice:  Undefined variable: user_passwird in /var/www/html/user/action/register.php on line 23
[21-Jan-2021 22:26:44 Asia/Tokyo] PHP Notice:  Undefined index: user-email in /var/www/html/user/action/register.php on line 7
[21-Jan-2021 22:26:44 Asia/Tokyo] PHP Notice:  Undefined variable: user_passwird in /var/www/html/user/action/register.php on line 23
[21-Jan-2021 22:26:45 Asia/Tokyo] PHP Notice:  Undefined index: user-email in /var/www/html/user/action/register.php on line 7
[21-Jan-2021 22:26:45 Asia/Tokyo] PHP Notice:  Undefined variable: user_passwird in /var/www/html/user/action/register.php on line 23
[21-Jan-2021 22:26:45 Asia/Tokyo] PHP Notice:  Undefined index: user-email in /var/www/html/user/action/register.php on line 7
[21-Jan-2021 22:26:45 Asia/Tokyo] PHP Notice:  Undefined variable: user_passwird in /var/www/html/user/action/register.php on line 23
[21-Jan-2021 22:26:45 Asia/Tokyo] PHP Notice:  Undefined index: user-email in /var/www/html/user/action/register.php on line 7
[21-Jan-2021 22:26:45 Asia/Tokyo] PHP Notice:  Undefined variable: user_passwird in /var/www/html/user/action/register.php on line 23
[21-Jan-2021 22:27:53 Asia/Tokyo] PHP Notice:  Undefined variable: user_passwird in /var/www/html/user/action/register.php on line 23
[21-Jan-2021 22:27:53 Asia/Tokyo] PHP Notice:  Undefined variable: user_passwird in /var/www/html/user/action/register.php on line 23
[21-Jan-2021 22:27:55 Asia/Tokyo] PHP Notice:  Undefined variable: user_passwird in /var/www/html/user/action/register.php on line 23
[21-Jan-2021 22:52:41 Asia/Tokyo] PHP Notice:  Only variables should be passed by reference in /var/www/html/user/action/register.php on line 48
[22-Jan-2021 07:56:11 Asia/Tokyo] PHP Parse error:  syntax error, unexpected '}', expecting ';' or ',' in /var/www/html/login/index.php on line 22
[22-Jan-2021 07:57:23 Asia/Tokyo] PHP Parse error:  syntax error, unexpected 'unset' (T_UNSET), expecting ';' or ',' in /var/www/html/login/index.php on line 24
[22-Jan-2021 21:21:09 Asia/Tokyo] PHP Notice:  Only variables should be passed by reference in /var/www/html/user/action/register.php on line 48
