2021-01-10T14:33:48.775909Z 0 [Warning] TIMESTAMP with implicit DEFAULT value is deprecated. Please use --explicit_defaults_for_timestamp server option (see documentation for more details).
2021-01-10T14:33:48.786689Z 0 [Warning] Setting lower_case_table_names=2 because file system for /var/lib/mysql/ is case insensitive
2021-01-10T14:33:51.628460Z 0 [Warning] InnoDB: New log files created, LSN=45790
2021-01-10T14:33:52.042727Z 0 [Warning] InnoDB: Creating foreign key constraint system tables.
2021-01-10T14:33:52.125932Z 0 [Warning] No existing UUID has been found, so we assume that this is the first time that this server has been started. Generating a new UUID: dc2b7e45-5350-11eb-990b-0242ac120002.
2021-01-10T14:33:52.131910Z 0 [Warning] Gtid table is not ready to be used. Table 'mysql.gtid_executed' cannot be opened.
2021-01-10T14:33:52.686342Z 0 [Warning] CA certificate ca.pem is self signed.
2021-01-10T14:33:52.945270Z 1 [Warning] root@localhost is created with an empty password ! Please consider switching off the --initialize-insecure option.
2021-01-10T14:34:02.373566Z 0 [Warning] TIMESTAMP with implicit DEFAULT value is deprecated. Please use --explicit_defaults_for_timestamp server option (see documentation for more details).
2021-01-10T14:34:02.380534Z 0 [Note] mysqld (mysqld 5.7.32) starting as process 79 ...
2021-01-10T14:34:02.386189Z 0 [Warning] Setting lower_case_table_names=2 because file system for /var/lib/mysql/ is case insensitive
2021-01-10T14:34:02.390452Z 0 [Note] InnoDB: PUNCH HOLE support available
2021-01-10T14:34:02.391068Z 0 [Note] InnoDB: Mutexes and rw_locks use GCC atomic builtins
2021-01-10T14:34:02.391634Z 0 [Note] InnoDB: Uses event mutexes
2021-01-10T14:34:02.392086Z 0 [Note] InnoDB: GCC builtin __atomic_thread_fence() is used for memory barrier
2021-01-10T14:34:02.392474Z 0 [Note] InnoDB: Compressed tables use zlib 1.2.11
2021-01-10T14:34:02.393052Z 0 [Note] InnoDB: Using Linux native AIO
2021-01-10T14:34:02.393992Z 0 [Note] InnoDB: Number of pools: 1
2021-01-10T14:34:02.394737Z 0 [Note] InnoDB: Using CPU crc32 instructions
2021-01-10T14:34:02.397133Z 0 [Note] InnoDB: Initializing buffer pool, total size = 128M, instances = 1, chunk size = 128M
2021-01-10T14:34:02.406167Z 0 [Note] InnoDB: Completed initialization of buffer pool
2021-01-10T14:34:02.411197Z 0 [Note] InnoDB: If the mysqld execution user is authorized, page cleaner thread priority can be changed. See the man page of setpriority().
2021-01-10T14:34:02.473169Z 0 [Note] InnoDB: Highest supported file format is Barracuda.
2021-01-10T14:34:02.592437Z 0 [Note] InnoDB: Creating shared tablespace for temporary tables
2021-01-10T14:34:02.596041Z 0 [Note] InnoDB: Setting file './ibtmp1' size to 12 MB. Physically writing the file full; Please wait ...
2021-01-10T14:34:02.732499Z 0 [Note] InnoDB: File './ibtmp1' size is now 12 MB.
2021-01-10T14:34:02.739996Z 0 [Note] InnoDB: 96 redo rollback segment(s) found. 96 redo rollback segment(s) are active.
2021-01-10T14:34:02.740684Z 0 [Note] InnoDB: 32 non-redo rollback segment(s) are active.
2021-01-10T14:34:02.742581Z 0 [Note] InnoDB: Waiting for purge to start
2021-01-10T14:34:02.795315Z 0 [Note] InnoDB: 5.7.32 started; log sequence number 2747766
2021-01-10T14:34:02.796585Z 0 [Note] Plugin 'FEDERATED' is disabled.
2021-01-10T14:34:02.796726Z 0 [Note] InnoDB: Loading buffer pool(s) from /var/lib/mysql/ib_buffer_pool
2021-01-10T14:34:02.869121Z 0 [Note] Found ca.pem, server-cert.pem and server-key.pem in data directory. Trying to enable SSL support using them.
2021-01-10T14:34:02.871277Z 0 [Note] Skipping generation of SSL certificates as certificate files are present in data directory.
2021-01-10T14:34:02.885787Z 0 [Warning] CA certificate ca.pem is self signed.
2021-01-10T14:34:02.886636Z 0 [Note] Skipping generation of RSA key pair as key files are present in data directory.
2021-01-10T14:34:02.892610Z 0 [Note] InnoDB: Buffer pool(s) load completed at 210110 23:34:02
2021-01-10T14:34:02.898252Z 0 [Warning] Insecure configuration for --pid-file: Location '/var/run/mysqld' in the path is accessible to all OS users. Consider choosing a different directory.
2021-01-10T14:34:03.379542Z 0 [Note] Event Scheduler: Loaded 0 events
2021-01-10T14:34:03.380593Z 0 [Note] mysqld: ready for connections.
Version: '5.7.32'  socket: '/var/run/mysqld/mysqld.sock'  port: 0  MySQL Community Server (GPL)
2021-01-10T14:34:07.028453Z 0 [Note] Giving 0 client threads a chance to die gracefully
2021-01-10T14:34:07.029423Z 0 [Note] Shutting down slave threads
2021-01-10T14:34:07.030484Z 0 [Note] Forcefully disconnecting 0 remaining clients
2021-01-10T14:34:07.031445Z 0 [Note] Event Scheduler: Purging the queue. 0 events
2021-01-10T14:34:07.033398Z 0 [Note] Binlog end
2021-01-10T14:34:07.037205Z 0 [Note] Shutting down plugin 'ngram'
2021-01-10T14:34:07.039298Z 0 [Note] Shutting down plugin 'partition'
2021-01-10T14:34:07.040469Z 0 [Note] Shutting down plugin 'BLACKHOLE'
2021-01-10T14:34:07.041583Z 0 [Note] Shutting down plugin 'ARCHIVE'
2021-01-10T14:34:07.042471Z 0 [Note] Shutting down plugin 'PERFORMANCE_SCHEMA'
2021-01-10T14:34:07.044474Z 0 [Note] Shutting down plugin 'MRG_MYISAM'
2021-01-10T14:34:07.046287Z 0 [Note] Shutting down plugin 'MyISAM'
2021-01-10T14:34:07.047612Z 0 [Note] Shutting down plugin 'INNODB_SYS_VIRTUAL'
2021-01-10T14:34:07.049214Z 0 [Note] Shutting down plugin 'INNODB_SYS_DATAFILES'
2021-01-10T14:34:07.051078Z 0 [Note] Shutting down plugin 'INNODB_SYS_TABLESPACES'
2021-01-10T14:34:07.052061Z 0 [Note] Shutting down plugin 'INNODB_SYS_FOREIGN_COLS'
2021-01-10T14:34:07.053291Z 0 [Note] Shutting down plugin 'INNODB_SYS_FOREIGN'
2021-01-10T14:34:07.054380Z 0 [Note] Shutting down plugin 'INNODB_SYS_FIELDS'
2021-01-10T14:34:07.056459Z 0 [Note] Shutting down plugin 'INNODB_SYS_COLUMNS'
2021-01-10T14:34:07.059022Z 0 [Note] Shutting down plugin 'INNODB_SYS_INDEXES'
2021-01-10T14:34:07.060506Z 0 [Note] Shutting down plugin 'INNODB_SYS_TABLESTATS'
2021-01-10T14:34:07.063041Z 0 [Note] Shutting down plugin 'INNODB_SYS_TABLES'
2021-01-10T14:34:07.064419Z 0 [Note] Shutting down plugin 'INNODB_FT_INDEX_TABLE'
2021-01-10T14:34:07.066507Z 0 [Note] Shutting down plugin 'INNODB_FT_INDEX_CACHE'
2021-01-10T14:34:07.068913Z 0 [Note] Shutting down plugin 'INNODB_FT_CONFIG'
2021-01-10T14:34:07.070062Z 0 [Note] Shutting down plugin 'INNODB_FT_BEING_DELETED'
2021-01-10T14:34:07.072358Z 0 [Note] Shutting down plugin 'INNODB_FT_DELETED'
2021-01-10T14:34:07.074197Z 0 [Note] Shutting down plugin 'INNODB_FT_DEFAULT_STOPWORD'
2021-01-10T14:34:07.075988Z 0 [Note] Shutting down plugin 'INNODB_METRICS'
2021-01-10T14:34:07.077389Z 0 [Note] Shutting down plugin 'INNODB_TEMP_TABLE_INFO'
2021-01-10T14:34:07.079490Z 0 [Note] Shutting down plugin 'INNODB_BUFFER_POOL_STATS'
2021-01-10T14:34:07.081926Z 0 [Note] Shutting down plugin 'INNODB_BUFFER_PAGE_LRU'
2021-01-10T14:34:07.083789Z 0 [Note] Shutting down plugin 'INNODB_BUFFER_PAGE'
2021-01-10T14:34:07.085077Z 0 [Note] Shutting down plugin 'INNODB_CMP_PER_INDEX_RESET'
2021-01-10T14:34:07.086034Z 0 [Note] Shutting down plugin 'INNODB_CMP_PER_INDEX'
2021-01-10T14:34:07.086869Z 0 [Note] Shutting down plugin 'INNODB_CMPMEM_RESET'
2021-01-10T14:34:07.087597Z 0 [Note] Shutting down plugin 'INNODB_CMPMEM'
2021-01-10T14:34:07.088564Z 0 [Note] Shutting down plugin 'INNODB_CMP_RESET'
2021-01-10T14:34:07.089438Z 0 [Note] Shutting down plugin 'INNODB_CMP'
2021-01-10T14:34:07.091547Z 0 [Note] Shutting down plugin 'INNODB_LOCK_WAITS'
2021-01-10T14:34:07.092980Z 0 [Note] Shutting down plugin 'INNODB_LOCKS'
2021-01-10T14:34:07.094719Z 0 [Note] Shutting down plugin 'INNODB_TRX'
2021-01-10T14:34:07.096677Z 0 [Note] Shutting down plugin 'InnoDB'
2021-01-10T14:34:07.098876Z 0 [Note] InnoDB: FTS optimize thread exiting.
2021-01-10T14:34:07.101390Z 0 [Note] InnoDB: Starting shutdown...
2021-01-10T14:34:07.205281Z 0 [Note] InnoDB: Dumping buffer pool(s) to /var/lib/mysql/ib_buffer_pool
2021-01-10T14:34:07.213557Z 0 [Note] InnoDB: Buffer pool(s) dump completed at 210110 23:34:07
2021-01-10T14:34:08.929249Z 0 [Note] InnoDB: Shutdown completed; log sequence number 12618805
2021-01-10T14:34:08.933200Z 0 [Note] InnoDB: Removed temporary tablespace data file: "ibtmp1"
2021-01-10T14:34:08.935181Z 0 [Note] Shutting down plugin 'MEMORY'
2021-01-10T14:34:08.936912Z 0 [Note] Shutting down plugin 'CSV'
2021-01-10T14:34:08.938150Z 0 [Note] Shutting down plugin 'sha256_password'
2021-01-10T14:34:08.939957Z 0 [Note] Shutting down plugin 'mysql_native_password'
2021-01-10T14:34:08.942238Z 0 [Note] Shutting down plugin 'binlog'
2021-01-10T14:34:08.949799Z 0 [Note] mysqld: Shutdown complete

2021-01-10T14:34:09.222230Z 0 [Warning] TIMESTAMP with implicit DEFAULT value is deprecated. Please use --explicit_defaults_for_timestamp server option (see documentation for more details).
2021-01-10T14:34:09.228332Z 0 [Note] mysqld (mysqld 5.7.32) starting as process 1 ...
2021-01-10T14:34:09.237028Z 0 [Warning] Setting lower_case_table_names=2 because file system for /var/lib/mysql/ is case insensitive
2021-01-10T14:34:09.243726Z 0 [Note] InnoDB: PUNCH HOLE support available
2021-01-10T14:34:09.244670Z 0 [Note] InnoDB: Mutexes and rw_locks use GCC atomic builtins
2021-01-10T14:34:09.245560Z 0 [Note] InnoDB: Uses event mutexes
2021-01-10T14:34:09.246827Z 0 [Note] InnoDB: GCC builtin __atomic_thread_fence() is used for memory barrier
2021-01-10T14:34:09.248096Z 0 [Note] InnoDB: Compressed tables use zlib 1.2.11
2021-01-10T14:34:09.248893Z 0 [Note] InnoDB: Using Linux native AIO
2021-01-10T14:34:09.250176Z 0 [Note] InnoDB: Number of pools: 1
2021-01-10T14:34:09.251426Z 0 [Note] InnoDB: Using CPU crc32 instructions
2021-01-10T14:34:09.254315Z 0 [Note] InnoDB: Initializing buffer pool, total size = 128M, instances = 1, chunk size = 128M
2021-01-10T14:34:09.261071Z 0 [Note] InnoDB: Completed initialization of buffer pool
2021-01-10T14:34:09.263894Z 0 [Note] InnoDB: If the mysqld execution user is authorized, page cleaner thread priority can be changed. See the man page of setpriority().
2021-01-10T14:34:09.335783Z 0 [Note] InnoDB: Highest supported file format is Barracuda.
2021-01-10T14:34:09.463546Z 0 [Note] InnoDB: Creating shared tablespace for temporary tables
2021-01-10T14:34:09.467340Z 0 [Note] InnoDB: Setting file './ibtmp1' size to 12 MB. Physically writing the file full; Please wait ...
2021-01-10T14:34:09.649749Z 0 [Note] InnoDB: File './ibtmp1' size is now 12 MB.
2021-01-10T14:34:09.657548Z 0 [Note] InnoDB: 96 redo rollback segment(s) found. 96 redo rollback segment(s) are active.
2021-01-10T14:34:09.658409Z 0 [Note] InnoDB: 32 non-redo rollback segment(s) are active.
2021-01-10T14:34:09.659363Z 0 [Note] InnoDB: Waiting for purge to start
2021-01-10T14:34:09.736679Z 0 [Note] InnoDB: 5.7.32 started; log sequence number 12618805
2021-01-10T14:34:09.739720Z 0 [Note] Plugin 'FEDERATED' is disabled.
2021-01-10T14:34:09.739904Z 0 [Note] InnoDB: Loading buffer pool(s) from /var/lib/mysql/ib_buffer_pool
2021-01-10T14:34:09.791388Z 0 [Note] Found ca.pem, server-cert.pem and server-key.pem in data directory. Trying to enable SSL support using them.
2021-01-10T14:34:09.794229Z 0 [Note] Skipping generation of SSL certificates as certificate files are present in data directory.
2021-01-10T14:34:09.812596Z 0 [Warning] CA certificate ca.pem is self signed.
2021-01-10T14:34:09.814223Z 0 [Note] Skipping generation of RSA key pair as key files are present in data directory.
2021-01-10T14:34:09.819230Z 0 [Note] Server hostname (bind-address): '*'; port: 3306
2021-01-10T14:34:09.820734Z 0 [Note] IPv6 is available.
2021-01-10T14:34:09.822477Z 0 [Note]   - '::' resolves to '::';
2021-01-10T14:34:09.823515Z 0 [Note] Server socket created on IP: '::'.
2021-01-10T14:34:09.826356Z 0 [Warning] Insecure configuration for --pid-file: Location '/var/run/mysqld' in the path is accessible to all OS users. Consider choosing a different directory.
2021-01-10T14:34:09.875100Z 0 [Note] InnoDB: Buffer pool(s) load completed at 210110 23:34:09
2021-01-10T14:34:10.105970Z 0 [Note] Event Scheduler: Loaded 0 events
2021-01-10T14:34:10.107008Z 0 [Note] mysqld: ready for connections.
Version: '5.7.32'  socket: '/var/run/mysqld/mysqld.sock'  port: 3306  MySQL Community Server (GPL)
2021-01-10T15:23:09.340158Z 0 [Note] InnoDB: page_cleaner: 1000ms intended loop took 25117ms. The settings might not be optimal. (flushed=0 and evicted=0, during the time.)
